=== Ablation Run Log: ablation_059_1279eb11_123 ===
Timestamp: 2025-09-13T22:04:48.073943
Git Hash: 1434befb

Configuration:
  use_cusp: False
  use_hypergraph: True
  use_memory: False
  use_spottarget: True
  use_gsampler: True
  use_rg_defense: spectral

Results:
  run_id: ablation_059_1279eb11_123
  config_hash: 1279eb11
  seed: 123
  git_hash: 1434befb
  mode: lite
  runtime_s: 0.045113325119018555
  node_count: 1000
  edge_count: 0
  peak_mem_mb: 0.0
  accuracy: 0.5149999856948853
  auc: 0.5099999904632568
  f1: 0.6254826254826256
  precision: 0.4879518072289157
  recall: 0.8709677419354839
  tp: 81
  fp: 85
  fn: 12
  tn: 22

