=== Ablation Run Log: ablation_024_55ef2988_456 ===
Timestamp: 2025-09-13T22:04:33.863532
Git Hash: 1434befb

Configuration:
  use_cusp: True
  use_hypergraph: True
  use_memory: True
  use_spottarget: True
  use_gsampler: True
  use_rg_defense: spectral

Results:
  run_id: ablation_024_55ef2988_456
  config_hash: 55ef2988
  seed: 456
  git_hash: 1434befb
  mode: lite
  runtime_s: 0.7276766300201416
  node_count: 1000
  edge_count: 0
  peak_mem_mb: 0.0
  accuracy: 0.5049999952316284
  auc: 0.5
  f1: 0.6710963455149502
  precision: 0.505
  recall: 1.0
  tp: 101
  fp: 99
  fn: 0
  tn: 0

