=== Ablation Run Log: ablation_064_620e75b2_42 ===
Timestamp: 2025-09-13T22:04:49.883926
Git Hash: 1434befb

Configuration:
  use_cusp: False
  use_hypergraph: False
  use_memory: False
  use_spottarget: False
  use_gsampler: False
  use_rg_defense: none

Results:
  run_id: ablation_064_620e75b2_42
  config_hash: 620e75b2
  seed: 42
  git_hash: 1434befb
  mode: lite
  runtime_s: 0.039591073989868164
  node_count: 1000
  edge_count: 0
  peak_mem_mb: 0.0
  accuracy: 0.5099999904632568
  auc: 0.5099999904632568
  f1: 0.5196078431372548
  precision: 0.5047619047619047
  recall: 0.5353535353535354
  tp: 53
  fp: 52
  fn: 46
  tn: 49

