=== Ablation Run Log: ablation_019_fb5dd28c_42 ===
Timestamp: 2025-09-13T22:04:29.890020
Git Hash: 1434befb

Configuration:
  use_cusp: True
  use_hypergraph: True
  use_memory: True
  use_spottarget: True
  use_gsampler: True
  use_rg_defense: dropedge

Results:
  run_id: ablation_019_fb5dd28c_42
  config_hash: fb5dd28c
  seed: 42
  git_hash: 1434befb
  mode: lite
  runtime_s: 0.8388857841491699
  node_count: 1000
  edge_count: 0
  peak_mem_mb: 0.0
  accuracy: 0.4950000047683716
  auc: 0.5199999809265137
  f1: 0.6622073578595317
  precision: 0.495
  recall: 1.0
  tp: 99
  fp: 101
  fn: 0
  tn: 0

