=== Ablation Run Log: ablation_043_2a8e0281_42 ===
Timestamp: 2025-09-13T22:04:42.374532
Git Hash: 1434befb

Configuration:
  use_cusp: True
  use_hypergraph: True
  use_memory: False
  use_spottarget: False
  use_gsampler: False
  use_rg_defense: spectral

Results:
  run_id: ablation_043_2a8e0281_42
  config_hash: 2a8e0281
  seed: 42
  git_hash: 1434befb
  mode: lite
  runtime_s: 0.4143049716949463
  node_count: 1000
  edge_count: 0
  peak_mem_mb: 0.0
  accuracy: 0.4950000047683716
  auc: 0.5
  f1: 0.6622073578595317
  precision: 0.495
  recall: 1.0
  tp: 99
  fp: 101
  fn: 0
  tn: 0

