=== Ablation Run Log: ablation_039_74636991_456 ===
Timestamp: 2025-09-13T22:04:40.061824
Git Hash: 1434befb

Configuration:
  use_cusp: True
  use_hypergraph: False
  use_memory: False
  use_spottarget: True
  use_gsampler: True
  use_rg_defense: spectral

Results:
  run_id: ablation_039_74636991_456
  config_hash: 74636991
  seed: 456
  git_hash: 1434befb
  mode: lite
  runtime_s: 0.40430712699890137
  node_count: 1000
  edge_count: 0
  peak_mem_mb: 0.0
  accuracy: 0.5049999952316284
  auc: 0.5600000023841858
  f1: 0.6710963455149502
  precision: 0.505
  recall: 1.0
  tp: 101
  fp: 99
  fn: 0
  tn: 0

