=== Ablation Run Log: ablation_090_3d4987c0_456 ===
Timestamp: 2025-09-13T22:04:57.297299
Git Hash: 1434befb

Configuration:
  use_cusp: False
  use_hypergraph: False
  use_memory: False
  use_spottarget: False
  use_gsampler: True
  use_rg_defense: none

Results:
  run_id: ablation_090_3d4987c0_456
  config_hash: 3d4987c0
  seed: 456
  git_hash: 1434befb
  mode: lite
  runtime_s: 0.06086087226867676
  node_count: 1000
  edge_count: 0
  peak_mem_mb: 0.0
  accuracy: 0.5149999856948853
  auc: 0.5199999809265137
  f1: 0.5975103734439834
  precision: 0.5142857142857142
  recall: 0.7128712871287128
  tp: 72
  fp: 68
  fn: 29
  tn: 31

