=== Ablation Run Log: ablation_073_e407a79a_42 ===
Timestamp: 2025-09-13T22:04:52.250444
Git Hash: 1434befb

Configuration:
  use_cusp: True
  use_hypergraph: False
  use_memory: False
  use_spottarget: True
  use_gsampler: True
  use_rg_defense: none

Results:
  run_id: ablation_073_e407a79a_42
  config_hash: e407a79a
  seed: 42
  git_hash: 1434befb
  mode: lite
  runtime_s: 0.3787665367126465
  node_count: 1000
  edge_count: 0
  peak_mem_mb: 0.0
  accuracy: 0.5049999952316284
  auc: 0.5
  f1: 0.0
  precision: 0.0
  recall: 0.0
  tp: 0
  fp: 0
  fn: 99
  tn: 101

