=== Ablation Run Log: ablation_036_870a9065_456 ===
Timestamp: 2025-09-13T22:04:38.833497
Git Hash: 1434befb

Configuration:
  use_cusp: True
  use_hypergraph: False
  use_memory: False
  use_spottarget: False
  use_gsampler: True
  use_rg_defense: none

Results:
  run_id: ablation_036_870a9065_456
  config_hash: 870a9065
  seed: 456
  git_hash: 1434befb
  mode: lite
  runtime_s: 0.38969993591308594
  node_count: 1000
  edge_count: 0
  peak_mem_mb: 0.0
  accuracy: 0.5049999952316284
  auc: 0.5600000023841858
  f1: 0.6710963455149502
  precision: 0.505
  recall: 1.0
  tp: 101
  fp: 99
  fn: 0
  tn: 0

