=== Ablation Run Log: ablation_053_2ebae971_123 ===
Timestamp: 2025-09-13T22:04:46.793431
Git Hash: 1434befb

Configuration:
  use_cusp: True
  use_hypergraph: True
  use_memory: False
  use_spottarget: True
  use_gsampler: False
  use_rg_defense: spectral

Results:
  run_id: ablation_053_2ebae971_123
  config_hash: 2ebae971
  seed: 123
  git_hash: 1434befb
  mode: lite
  runtime_s: 0.38651108741760254
  node_count: 1000
  edge_count: 0
  peak_mem_mb: 0.0
  accuracy: 0.4650000035762787
  auc: 0.5299999713897705
  f1: 0.6348122866894198
  precision: 0.465
  recall: 1.0
  tp: 93
  fp: 107
  fn: 0
  tn: 0

