=== Ablation Run Log: ablation_081_dda70fd8_456 ===
Timestamp: 2025-09-13T22:04:54.768866
Git Hash: 1434befb

Configuration:
  use_cusp: False
  use_hypergraph: False
  use_memory: True
  use_spottarget: False
  use_gsampler: False
  use_rg_defense: dropedge

Results:
  run_id: ablation_081_dda70fd8_456
  config_hash: dda70fd8
  seed: 456
  git_hash: 1434befb
  mode: lite
  runtime_s: 0.25459718704223633
  node_count: 1000
  edge_count: 0
  peak_mem_mb: 0.0
  accuracy: 0.5199999809265137
  auc: 0.5099999904632568
  f1: 0.6712328767123288
  precision: 0.5130890052356021
  recall: 0.9702970297029703
  tp: 98
  fp: 93
  fn: 3
  tn: 6

