=== Ablation Run Log: ablation_047_618e6164_123 ===
Timestamp: 2025-09-13T22:04:44.584229
Git Hash: 1434befb

Configuration:
  use_cusp: True
  use_hypergraph: True
  use_memory: False
  use_spottarget: False
  use_gsampler: True
  use_rg_defense: dropedge

Results:
  run_id: ablation_047_618e6164_123
  config_hash: 618e6164
  seed: 123
  git_hash: 1434befb
  mode: lite
  runtime_s: 0.5469751358032227
  node_count: 1000
  edge_count: 0
  peak_mem_mb: 0.0
  accuracy: 0.4650000035762787
  auc: 0.5400000214576721
  f1: 0.6348122866894198
  precision: 0.465
  recall: 1.0
  tp: 93
  fp: 107
  fn: 0
  tn: 0

