=== Ablation Run Log: ablation_065_620e75b2_123 ===
Timestamp: 2025-09-13T22:04:49.923357
Git Hash: 1434befb

Configuration:
  use_cusp: False
  use_hypergraph: False
  use_memory: False
  use_spottarget: False
  use_gsampler: False
  use_rg_defense: none

Results:
  run_id: ablation_065_620e75b2_123
  config_hash: 620e75b2
  seed: 123
  git_hash: 1434befb
  mode: lite
  runtime_s: 0.03787422180175781
  node_count: 1000
  edge_count: 0
  peak_mem_mb: 0.0
  accuracy: 0.5550000071525574
  auc: 0.5099999904632568
  f1: 0.5972850678733032
  precision: 0.515625
  recall: 0.7096774193548387
  tp: 66
  fp: 62
  fn: 27
  tn: 45

