=== Ablation Run Log: ablation_066_620e75b2_456 ===
Timestamp: 2025-09-13T22:04:49.989793
Git Hash: 1434befb

Configuration:
  use_cusp: False
  use_hypergraph: False
  use_memory: False
  use_spottarget: False
  use_gsampler: False
  use_rg_defense: none

Results:
  run_id: ablation_066_620e75b2_456
  config_hash: 620e75b2
  seed: 456
  git_hash: 1434befb
  mode: lite
  runtime_s: 0.06480646133422852
  node_count: 1000
  edge_count: 0
  peak_mem_mb: 0.0
  accuracy: 0.5149999856948853
  auc: 0.5199999809265137
  f1: 0.5975103734439834
  precision: 0.5142857142857142
  recall: 0.7128712871287128
  tp: 72
  fp: 68
  fn: 29
  tn: 31

