=== Ablation Run Log: ablation_071_0c4bf4ef_123 ===
Timestamp: 2025-09-13T22:04:51.288817
Git Hash: 1434befb

Configuration:
  use_cusp: True
  use_hypergraph: False
  use_memory: True
  use_spottarget: False
  use_gsampler: False
  use_rg_defense: dropedge

Results:
  run_id: ablation_071_0c4bf4ef_123
  config_hash: 0c4bf4ef
  seed: 123
  git_hash: 1434befb
  mode: lite
  runtime_s: 0.5704286098480225
  node_count: 1000
  edge_count: 0
  peak_mem_mb: 0.0
  accuracy: 0.4650000035762787
  auc: 0.5
  f1: 0.6348122866894198
  precision: 0.465
  recall: 1.0
  tp: 93
  fp: 107
  fn: 0
  tn: 0

