=== Ablation Run Log: ablation_070_0c4bf4ef_42 ===
Timestamp: 2025-09-13T22:04:50.717073
Git Hash: 1434befb

Configuration:
  use_cusp: True
  use_hypergraph: False
  use_memory: True
  use_spottarget: False
  use_gsampler: False
  use_rg_defense: dropedge

Results:
  run_id: ablation_070_0c4bf4ef_42
  config_hash: 0c4bf4ef
  seed: 42
  git_hash: 1434befb
  mode: lite
  runtime_s: 0.5896241664886475
  node_count: 1000
  edge_count: 0
  peak_mem_mb: 0.0
  accuracy: 0.4950000047683716
  auc: 0.5600000023841858
  f1: 0.6622073578595317
  precision: 0.495
  recall: 1.0
  tp: 99
  fp: 101
  fn: 0
  tn: 0

