=== Ablation Run Log: ablation_087_2a9a1bbb_456 ===
Timestamp: 2025-09-13T22:04:57.166066
Git Hash: 1434befb

Configuration:
  use_cusp: False
  use_hypergraph: True
  use_memory: False
  use_spottarget: True
  use_gsampler: True
  use_rg_defense: dropedge

Results:
  run_id: ablation_087_2a9a1bbb_456
  config_hash: 2a9a1bbb
  seed: 456
  git_hash: 1434befb
  mode: lite
  runtime_s: 0.06545281410217285
  node_count: 1000
  edge_count: 0
  peak_mem_mb: 0.0
  accuracy: 0.4699999988079071
  auc: 0.5299999713897705
  f1: 0.6293706293706294
  precision: 0.4864864864864865
  recall: 0.8910891089108911
  tp: 90
  fp: 95
  fn: 11
  tn: 4

