=== Ablation Run Log: ablation_079_dda70fd8_42 ===
Timestamp: 2025-09-13T22:04:54.249969
Git Hash: 1434befb

Configuration:
  use_cusp: False
  use_hypergraph: False
  use_memory: True
  use_spottarget: False
  use_gsampler: False
  use_rg_defense: dropedge

Results:
  run_id: ablation_079_dda70fd8_42
  config_hash: dda70fd8
  seed: 42
  git_hash: 1434befb
  mode: lite
  runtime_s: 0.31471729278564453
  node_count: 1000
  edge_count: 0
  peak_mem_mb: 0.0
  accuracy: 0.5199999809265137
  auc: 0.5
  f1: 0.616
  precision: 0.5099337748344371
  recall: 0.7777777777777778
  tp: 77
  fp: 74
  fn: 22
  tn: 27

