=== Ablation Run Log: ablation_050_af05ab9b_123 ===
Timestamp: 2025-09-13T22:04:45.676977
Git Hash: 1434befb

Configuration:
  use_cusp: False
  use_hypergraph: False
  use_memory: True
  use_spottarget: True
  use_gsampler: False
  use_rg_defense: spectral

Results:
  run_id: ablation_050_af05ab9b_123
  config_hash: af05ab9b
  seed: 123
  git_hash: 1434befb
  mode: lite
  runtime_s: 0.267139196395874
  node_count: 1000
  edge_count: 0
  peak_mem_mb: 0.0
  accuracy: 0.48500001430511475
  auc: 0.5
  f1: 0.6227106227106227
  precision: 0.4722222222222222
  recall: 0.9139784946236559
  tp: 85
  fp: 95
  fn: 8
  tn: 12

