=== Ablation Run Log: ablation_022_55ef2988_42 ===
Timestamp: 2025-09-13T22:04:32.431015
Git Hash: 1434befb

Configuration:
  use_cusp: True
  use_hypergraph: True
  use_memory: True
  use_spottarget: True
  use_gsampler: True
  use_rg_defense: spectral

Results:
  run_id: ablation_022_55ef2988_42
  config_hash: 55ef2988
  seed: 42
  git_hash: 1434befb
  mode: lite
  runtime_s: 0.7901701927185059
  node_count: 1000
  edge_count: 0
  peak_mem_mb: 0.0
  accuracy: 0.4950000047683716
  auc: 0.5400000214576721
  f1: 0.6622073578595317
  precision: 0.495
  recall: 1.0
  tp: 99
  fp: 101
  fn: 0
  tn: 0

