=== Ablation Run Log: ablation_007_3bb34269_42 ===
Timestamp: 2025-09-13T21:59:08.227729
Git Hash: 1434befb

Configuration:
  use_cusp: True
  use_hypergraph: False
  use_memory: True
  use_spottarget: True
  use_gsampler: True
  use_rg_defense: none

Results:
  run_id: ablation_007_3bb34269_42
  config_hash: 3bb34269
  seed: 42
  git_hash: 1434befb
  mode: lite
  runtime_s: 0.5275824069976807
  node_count: 1000
  edge_count: 0
  peak_mem_mb: 0.0
  accuracy: 0.4950000047683716
  auc: 0.550000011920929
  f1: 0.6622073578595317
  precision: 0.495
  recall: 1.0
  tp: 99
  fp: 101
  fn: 0
  tn: 0

