=== Ablation Run Log: ablation_006_6206caad_456 ===
Timestamp: 2025-09-13T21:59:07.699320
Git Hash: 1434befb

Configuration:
  use_cusp: False
  use_hypergraph: True
  use_memory: True
  use_spottarget: True
  use_gsampler: True
  use_rg_defense: none

Results:
  run_id: ablation_006_6206caad_456
  config_hash: 6206caad
  seed: 456
  git_hash: 1434befb
  mode: lite
  runtime_s: 0.2173473834991455
  node_count: 1000
  edge_count: 0
  peak_mem_mb: 0.0
  accuracy: 0.5049999952316284
  auc: 0.5400000214576721
  f1: 0.6710963455149502
  precision: 0.505
  recall: 1.0
  tp: 101
  fp: 99
  fn: 0
  tn: 0

