=== Ablation Run Log: ablation_018_e9edf056_456 ===
Timestamp: 2025-09-13T21:59:16.193827
Git Hash: 1434befb

Configuration:
  use_cusp: True
  use_hypergraph: True
  use_memory: True
  use_spottarget: True
  use_gsampler: False
  use_rg_defense: none

Results:
  run_id: ablation_018_e9edf056_456
  config_hash: e9edf056
  seed: 456
  git_hash: 1434befb
  mode: lite
  runtime_s: 0.8212215900421143
  node_count: 1000
  edge_count: 0
  peak_mem_mb: 0.0
  accuracy: 0.5049999952316284
  auc: 0.5099999904632568
  f1: 0.6710963455149502
  precision: 0.505
  recall: 1.0
  tp: 101
  fp: 99
  fn: 0
  tn: 0

